<?xml version="1.0" encoding="UTF-8"?>
<!-- Generated by org.testng.reporters.JUnitReportReporter -->
<testsuite hostname="Runubala" failures="0" tests="3" name="com.nt.TestngDemo3.Demo3" time="0.009" errors="0" timestamp="2022-09-17T19:28:00 IST" skipped="0">
  <testcase classname="com.nt.TestngDemo3.Demo3" name="DemoTestngSecond2" time="0.005"/>
  <system-out/>
  <testcase classname="com.nt.TestngDemo3.Demo3" name="DemoTestngSecond" time="0.002"/>
  <system-out/>
  <testcase classname="com.nt.TestngDemo3.Demo3" name="DemoTestngSecond1" time="0.002"/>
  <system-out/>
</testsuite> <!-- com.nt.TestngDemo3.Demo3 -->
