<?xml version="1.0" encoding="UTF-8"?>
<!-- Generated by org.testng.reporters.JUnitReportReporter -->
<testsuite hostname="Runubala" failures="0" tests="3" name="com.nt.testngDemo2.Demo2" time="0.023" errors="0" timestamp="2022-09-17T19:28:00 IST" skipped="0">
  <testcase classname="com.nt.testngDemo2.Demo2" name="DemoTestngFirst" time="0.017"/>
  <system-out/>
  <testcase classname="com.nt.testngDemo2.Demo2" name="DemoTestngFirst2" time="0.005"/>
  <system-out/>
  <testcase classname="com.nt.testngDemo2.Demo2" name="DemoTestngFirst1" time="0.001"/>
  <system-out/>
</testsuite> <!-- com.nt.testngDemo2.Demo2 -->
