<?xml version="1.0" encoding="UTF-8"?>
<!-- Generated by org.testng.reporters.JUnitReportReporter -->
<testsuite hostname="Runubala" failures="0" tests="1" name="com.extentdemo.ExtentReportPratice.LoginTest" time="0.572" errors="0" timestamp="2022-09-19T12:37:11 IST" skipped="0">
  <testcase classname="com.extentdemo.ExtentReportPratice.LoginTest" name="login" time="0.572"/>
  <system-out/>
</testsuite> <!-- com.extentdemo.ExtentReportPratice.LoginTest -->
