<?xml version="1.0" encoding="UTF-8"?>
<!-- Generated by org.testng.reporters.JUnitReportReporter -->
<testsuite hostname="Runubala" failures="0" tests="1" name="extent_professionalDemo.RegistDemo" time="0.022" errors="0" timestamp="2022-09-19T17:47:23 IST" skipped="0">
  <testcase classname="extent_professionalDemo.RegistDemo" name="Uses" time="0.022"/>
  <system-out/>
</testsuite> <!-- extent_professionalDemo.RegistDemo -->
