<?xml version="1.0" encoding="UTF-8"?>
<!-- Generated by org.testng.reporters.JUnitReportReporter -->
<testsuite hostname="Runubala" failures="0" tests="1" name="extent_professionalDemo.LogoutTestDemo" time="0.023" errors="0" timestamp="2022-09-19T17:47:23 IST" skipped="0">
  <testcase classname="extent_professionalDemo.LogoutTestDemo" name="click" time="0.023"/>
  <system-out/>
</testsuite> <!-- extent_professionalDemo.LogoutTestDemo -->
