<?xml version="1.0" encoding="UTF-8"?>
<!-- Generated by org.testng.reporters.JUnitReportReporter -->
<testsuite skipped="0" hostname="Runubala" name="com.nt.testng1.Demo1" tests="3" failures="0" timestamp="17 Sep 2022 14:14:00 GMT" time="14.470" errors="0">
  <testcase name="DemoTestng" time="14.470" classname="com.nt.testng1.Demo1"/>
  <testcase name="DemoTestng1" time="0.000" classname="com.nt.testng1.Demo1"/>
  <testcase name="DemoTestng2" time="0.000" classname="com.nt.testng1.Demo1"/>
</testsuite> <!-- com.nt.testng1.Demo1 -->
