<?xml version="1.0" encoding="UTF-8"?>
<!-- Generated by org.testng.reporters.JUnitReportReporter -->
<testsuite skipped="0" hostname="Runubala" name="com.nt.TestngDemo3.Demo3" tests="3" failures="0" timestamp="17 Sep 2022 14:14:00 GMT" time="0.005" errors="0">
  <testcase name="DemoTestngSecond" time="0.000" classname="com.nt.TestngDemo3.Demo3"/>
  <testcase name="DemoTestngSecond2" time="0.004" classname="com.nt.TestngDemo3.Demo3"/>
  <testcase name="DemoTestngSecond1" time="0.001" classname="com.nt.TestngDemo3.Demo3"/>
</testsuite> <!-- com.nt.TestngDemo3.Demo3 -->
