<?xml version="1.0" encoding="UTF-8"?>
<!-- Generated by org.testng.reporters.JUnitReportReporter -->
<testsuite skipped="0" hostname="Runubala" name="com.nt.testngDemo2.Demo2" tests="3" failures="0" timestamp="17 Sep 2022 14:14:00 GMT" time="0.012" errors="0">
  <testcase name="DemoTestngFirst2" time="0.001" classname="com.nt.testngDemo2.Demo2"/>
  <testcase name="DemoTestngFirst1" time="0.001" classname="com.nt.testngDemo2.Demo2"/>
  <testcase name="DemoTestngFirst" time="0.010" classname="com.nt.testngDemo2.Demo2"/>
</testsuite> <!-- com.nt.testngDemo2.Demo2 -->
